Log file open, 03/19/20 22:36:15
LogWindows: Failed to load 'aqProf.dll' (GetLastError=126)
LogWindows: File 'aqProf.dll' does not exist
LogWindows: Failed to load 'VtuneApi.dll' (GetLastError=126)
LogWindows: File 'VtuneApi.dll' does not exist
LogWindows: Failed to load 'VtuneApi32e.dll' (GetLastError=126)
LogWindows: File 'VtuneApi32e.dll' does not exist
LogConsoleResponse: Display: Failed to find resolution value strings in scalability ini. Falling back to default.
LogInit: Display: Running engine for game: tic_tac_toe
LogPlatformFile: Not using cached read wrapper
LogTaskGraph: Started task graph with 5 named threads and 35 total threads with 3 sets of task threads.
LogStats: Stats thread started at 0.065551
LogD3D11RHI: Loaded GFSDK_Aftermath_Lib.x64.dll
LogICUInternationalization: ICU TimeZone Detection - Raw Offset: +3:00, Platform Override: ''
LogPluginManager: Mounting plugin Paper2D
LogPluginManager: Mounting plugin AISupport
LogPluginManager: Mounting plugin LightPropagationVolume
LogPluginManager: Mounting plugin ActorLayerUtilities
LogPluginManager: Mounting plugin AnimationSharing
LogPluginManager: Mounting plugin CLionSourceCodeAccess
LogPluginManager: Mounting plugin CodeLiteSourceCodeAccess
LogPluginManager: Mounting plugin GitSourceControl
LogPluginManager: Mounting plugin KDevelopSourceCodeAccess
LogPluginManager: Mounting plugin NullSourceCodeAccess
LogPluginManager: Mounting plugin PerforceSourceControl
LogPluginManager: Mounting plugin SubversionSourceControl
LogPluginManager: Mounting plugin UObjectPlugin
LogPluginManager: Mounting plugin VisualStudioCodeSourceCodeAccess
LogPluginManager: Mounting plugin VisualStudioSourceCodeAccess
LogPluginManager: Mounting plugin XCodeSourceCodeAccess
LogPluginManager: Mounting plugin AssetManagerEditor
LogPluginManager: Mounting plugin CryptoKeys
LogPluginManager: Mounting plugin CurveEditorTools
LogPluginManager: Mounting plugin DataValidation
LogPluginManager: Mounting plugin FacialAnimation
LogPluginManager: Mounting plugin GameplayTagsEditor
LogPluginManager: Mounting plugin MacGraphicsSwitching
LogPluginManager: Mounting plugin MaterialAnalyzer
LogPluginManager: Mounting plugin MobileLauncherProfileWizard
LogPluginManager: Mounting plugin PluginBrowser
LogPluginManager: Mounting plugin SpeedTreeImporter
LogPluginManager: Mounting plugin DatasmithContent
LogPluginManager: Mounting plugin VariantManagerContent
LogPluginManager: Mounting plugin AlembicImporter
LogPluginManager: Mounting plugin AutomationUtils
LogPluginManager: Mounting plugin BackChannel
LogPluginManager: Mounting plugin CharacterAI
LogPluginManager: Mounting plugin GeometryCache
LogPluginManager: Mounting plugin HTML5Networking
LogPluginManager: Mounting plugin PlatformCrypto
LogPluginManager: Mounting plugin ProxyLODPlugin
LogPluginManager: Mounting plugin SkeletalReduction
LogPluginManager: Mounting plugin MagicLeap
LogPluginManager: Mounting plugin MagicLeapMedia
LogPluginManager: Mounting plugin AndroidMedia
LogPluginManager: Mounting plugin AvfMedia
LogPluginManager: Mounting plugin ImgMedia
LogPluginManager: Mounting plugin MediaCompositing
LogPluginManager: Mounting plugin MediaPlayerEditor
LogPluginManager: Mounting plugin WebMMedia
LogPluginManager: Mounting plugin WmfMedia
LogPluginManager: Mounting plugin TcpMessaging
LogPluginManager: Mounting plugin UdpMessaging
LogPluginManager: Mounting plugin ActorSequence
LogPluginManager: Mounting plugin LevelSequenceEditor
LogPluginManager: Mounting plugin MatineeToLevelSequence
LogPluginManager: Mounting plugin NetcodeUnitTest
LogPluginManager: Mounting plugin NUTUnrealEngine4
LogPluginManager: Mounting plugin OnlineSubsystemGooglePlay
LogPluginManager: Mounting plugin OnlineSubsystemIOS
LogPluginManager: Mounting plugin OnlineSubsystem
LogPluginManager: Mounting plugin OnlineSubsystemNull
LogPluginManager: Mounting plugin OnlineSubsystemUtils
LogPluginManager: Mounting plugin LauncherChunkInstaller
LogPluginManager: Mounting plugin AndroidDeviceProfileSelector
LogPluginManager: Mounting plugin AndroidMoviePlayer
LogPluginManager: Mounting plugin AndroidPermission
LogPluginManager: Mounting plugin AppleImageUtils
LogPluginManager: Mounting plugin AppleMoviePlayer
LogPluginManager: Mounting plugin ArchVisCharacter
LogPluginManager: Mounting plugin AudioCapture
LogPluginManager: Mounting plugin CableComponent
LogPluginManager: Mounting plugin CustomMeshComponent
LogPluginManager: Mounting plugin EditableMesh
LogPluginManager: Mounting plugin ExampleDeviceProfileSelector
LogPluginManager: Mounting plugin GoogleCloudMessaging
LogPluginManager: Mounting plugin IOSDeviceProfileSelector
LogPluginManager: Mounting plugin LinuxDeviceProfileSelector
LogPluginManager: Mounting plugin LocationServicesBPLibrary
LogPluginManager: Mounting plugin MobilePatchingUtils
LogPluginManager: Mounting plugin OculusVR
LogPluginManager: Mounting plugin PhysXVehicles
LogPluginManager: Mounting plugin ProceduralMeshComponent
LogPluginManager: Mounting plugin RuntimePhysXCooking
LogPluginManager: Mounting plugin SignificanceManager
LogPluginManager: Mounting plugin SteamVR
LogPluginManager: Mounting plugin WebMMoviePlayer
LogPluginManager: Mounting plugin WindowsMoviePlayer
LogPluginManager: Mounting plugin ScreenshotTools
LogInit: Using libcurl 7.55.1-DEV
LogInit:  - built for x86_64-pc-win32
LogInit:  - supports SSL with OpenSSL/1.1.1
LogInit:  - supports HTTP deflate (compression) using libz 1.2.8
LogInit:  - other features:
LogInit:      CURL_VERSION_SSL
LogInit:      CURL_VERSION_LIBZ
LogInit:      CURL_VERSION_IPV6
LogInit:      CURL_VERSION_ASYNCHDNS
LogInit:      CURL_VERSION_LARGEFILE
LogInit:      CURL_VERSION_IDN
LogInit:  CurlRequestOptions (configurable via config and command line):
LogInit:  - bVerifyPeer = true  - Libcurl will verify peer certificate
LogInit:  - bUseHttpProxy = false  - Libcurl will NOT use HTTP proxy
LogInit:  - bDontReuseConnections = false  - Libcurl will reuse connections
LogInit:  - MaxHostConnections = 16  - Libcurl will limit the number of connections to a host
LogInit:  - LocalHostAddr = Default
LogInit:  - BufferSize = 65536
LogOnline: OSS: Creating online subsystem instance for: NULL
LogInit: WinSock: version 1.1 (2.2), MaxSocks=32767, MaxUdp=65467
LogHMD: Failed initializing OVRPlugin 1.37.0
LogInit: Build: ++UE4+Release-4.23-CL-9631420
LogInit: Engine Version: 4.23.1-9631420+++UE4+Release-4.23
LogInit: Compatible Engine Version: 4.23.0-8386587+++UE4+Release-4.23
LogInit: Net CL: 8386587
LogInit: OS: Windows 10 (Release 1909) (), CPU: Intel(R) Core(TM) i7-8750H CPU @ 2.20GHz, GPU: Intel(R) UHD Graphics 630
LogInit: Compiled (64-bit): Oct 18 2019 02:07:44
LogInit: Compiled with Visual C++: 19.16.27030.01
LogInit: Build Configuration: Development
LogInit: Branch Name: ++UE4+Release-4.23
LogInit: Command Line:  /Game/NewMap -game -PIEVIACONSOLE -ResX=1280 -ResY=720 -Multiprocess -messaging -SessionName="Play in Standalone Game" -windowed
LogInit: Base Directory: D:/UNREAL/UE_4.23/Engine/Binaries/Win64/
LogInit: Installed Engine Build: 1
LogDevObjectVersion: Number of dev versions registered: 23
LogDevObjectVersion:   Dev-Blueprints (B0D832E4-1F89-4F0D-ACCF-7EB736FD4AA2): 10
LogDevObjectVersion:   Dev-Build (E1C64328-A22C-4D53-A36C-8E866417BD8C): 0
LogDevObjectVersion:   Dev-Core (375EC13C-06E4-48FB-B500-84F0262A717E): 3
LogDevObjectVersion:   Dev-Editor (E4B068ED-F494-42E9-A231-DA0B2E46BB41): 34
LogDevObjectVersion:   Dev-Framework (CFFC743F-43B0-4480-9391-14DF171D2073): 35
LogDevObjectVersion:   Dev-Mobile (B02B49B5-BB20-44E9-A304-32B752E40360): 2
LogDevObjectVersion:   Dev-Networking (A4E4105C-59A1-49B5-A7C5-40C4547EDFEE): 0
LogDevObjectVersion:   Dev-Online (39C831C9-5AE6-47DC-9A44-9C173E1C8E7C): 0
LogDevObjectVersion:   Dev-Physics (78F01B33-EBEA-4F98-B9B4-84EACCB95AA2): 0
LogDevObjectVersion:   Dev-Platform (6631380F-2D4D-43E0-8009-CF276956A95A): 0
LogDevObjectVersion:   Dev-Rendering (12F88B9F-8875-4AFC-A67C-D90C383ABD29): 31
LogDevObjectVersion:   Dev-Sequencer (7B5AE74C-D270-4C10-A958-57980B212A5A): 11
LogDevObjectVersion:   Dev-VR (D7296918-1DD6-4BDD-9DE2-64A83CC13884): 2
LogDevObjectVersion:   Dev-LoadTimes (C2A15278-BFE7-4AFE-6C17-90FF531DF755): 1
LogDevObjectVersion:   Private-Geometry (6EACA3D4-40EC-4CC1-B786-8BED09428FC5): 3
LogDevObjectVersion:   Dev-AnimPhys (29E575DD-E0A3-4627-9D10-D276232CDCEA): 17
LogDevObjectVersion:   Dev-Anim (AF43A65D-7FD3-4947-9873-3E8ED9C1BB05): 2
LogDevObjectVersion:   Dev-ReflectionCapture (6B266CEC-1EC7-4B8F-A30B-E4D90942FC07): 1
LogDevObjectVersion:   Dev-Automation (0DF73D61-A23F-47EA-B727-89E90C41499A): 1
LogDevObjectVersion:   FortniteMain (601D1886-AC64-4F84-AA16-D3DE0DEAC7D6): 27
LogDevObjectVersion:   Dev-Enterprise (9DFFBCD6-494F-0158-E221-12823C92A888): 6
LogDevObjectVersion:   Dev-Niagara (F2AED0AC-9AFE-416F-8664-AA7FFA26D6FC): 1
LogDevObjectVersion:   Dev-Destruction (174F1F0B-B4C6-45A5-B13F-2EE8D0FB917D): 9
LogInit: Presizing for max 16777216 objects, including 0 objects not considered by GC, pre-allocating 0 bytes for permanent pool.
LogInit: Object subsystem initialized
LogConfig: Setting CVar [[con.DebugEarlyDefault:1]]
LogConfig: Setting CVar [[r.setres:1280x720]]
[2020.03.19-19.36.16:474][  0]LogConfig: Setting CVar [[con.DebugEarlyDefault:1]]
[2020.03.19-19.36.16:474][  0]LogConfig: Setting CVar [[r.setres:1280x720]]
[2020.03.19-19.36.16:474][  0]LogConfig: Applying CVar settings from Section [/Script/Engine.RendererSettings] File [C:/Users/Artemiy/repo/tic-tac-toe-ue4/tic_tac_toe/Saved/Config/Windows/Engine.ini]
[2020.03.19-19.36.16:474][  0]LogConfig: Setting CVar [[r.GPUCrashDebugging:0]]
[2020.03.19-19.36.16:474][  0]LogConfig: Setting CVar [[r.DefaultFeature.AutoExposure.ExtendDefaultLuminanceRange:1]]
[2020.03.19-19.36.16:474][  0]LogConfig: Applying CVar settings from Section [/Script/Engine.RendererOverrideSettings] File [C:/Users/Artemiy/repo/tic-tac-toe-ue4/tic_tac_toe/Saved/Config/Windows/Engine.ini]
[2020.03.19-19.36.16:474][  0]LogConfig: Applying CVar settings from Section [/Script/Engine.StreamingSettings] File [C:/Users/Artemiy/repo/tic-tac-toe-ue4/tic_tac_toe/Saved/Config/Windows/Engine.ini]
[2020.03.19-19.36.16:474][  0]LogConfig: Setting CVar [[s.MinBulkDataSizeForAsyncLoading:131072]]
[2020.03.19-19.36.16:474][  0]LogConfig: Setting CVar [[s.AsyncLoadingThreadEnabled:0]]
[2020.03.19-19.36.16:474][  0]LogConfig: Setting CVar [[s.EventDrivenLoaderEnabled:1]]
[2020.03.19-19.36.16:474][  0]LogConfig: Setting CVar [[s.WarnIfTimeLimitExceeded:0]]
[2020.03.19-19.36.16:474][  0]LogConfig: Setting CVar [[s.TimeLimitExceededMultiplier:1.5]]
[2020.03.19-19.36.16:474][  0]LogConfig: Setting CVar [[s.TimeLimitExceededMinTime:0.005]]
[2020.03.19-19.36.16:474][  0]LogConfig: Setting CVar [[s.UseBackgroundLevelStreaming:1]]
[2020.03.19-19.36.16:474][  0]LogConfig: Setting CVar [[s.PriorityAsyncLoadingExtraTime:15.0]]
[2020.03.19-19.36.16:474][  0]LogConfig: Setting CVar [[s.LevelStreamingActorsUpdateTimeLimit:5.0]]
[2020.03.19-19.36.16:474][  0]LogConfig: Setting CVar [[s.PriorityLevelStreamingActorsUpdateExtraTime:5.0]]
[2020.03.19-19.36.16:474][  0]LogConfig: Setting CVar [[s.LevelStreamingComponentsRegistrationGranularity:10]]
[2020.03.19-19.36.16:474][  0]LogConfig: Setting CVar [[s.UnregisterComponentsTimeLimit:1.0]]
[2020.03.19-19.36.16:474][  0]LogConfig: Setting CVar [[s.LevelStreamingComponentsUnregistrationGranularity:5]]
[2020.03.19-19.36.16:474][  0]LogConfig: Applying CVar settings from Section [/Script/Engine.GarbageCollectionSettings] File [C:/Users/Artemiy/repo/tic-tac-toe-ue4/tic_tac_toe/Saved/Config/Windows/Engine.ini]
[2020.03.19-19.36.16:474][  0]LogConfig: Setting CVar [[gc.MaxObjectsNotConsideredByGC:1]]
[2020.03.19-19.36.16:474][  0]LogConfig: Setting CVar [[gc.SizeOfPermanentObjectPool:0]]
[2020.03.19-19.36.16:474][  0]LogConfig: Setting CVar [[gc.FlushStreamingOnGC:0]]
[2020.03.19-19.36.16:474][  0]LogConfig: Setting CVar [[gc.NumRetriesBeforeForcingGC:10]]
[2020.03.19-19.36.16:474][  0]LogConfig: Setting CVar [[gc.AllowParallelGC:1]]
[2020.03.19-19.36.16:474][  0]LogConfig: Setting CVar [[gc.TimeBetweenPurgingPendingKillObjects:61.1]]
[2020.03.19-19.36.16:474][  0]LogConfig: Setting CVar [[gc.MaxObjectsInEditor:16777216]]
[2020.03.19-19.36.16:474][  0]LogConfig: Setting CVar [[gc.IncrementalBeginDestroyEnabled:1]]
[2020.03.19-19.36.16:474][  0]LogConfig: Setting CVar [[gc.CreateGCClusters:1]]
[2020.03.19-19.36.16:474][  0]LogConfig: Setting CVar [[gc.MinGCClusterSize:5]]
[2020.03.19-19.36.16:474][  0]LogConfig: Setting CVar [[gc.ActorClusteringEnabled:0]]
[2020.03.19-19.36.16:474][  0]LogConfig: Setting CVar [[gc.BlueprintClusteringEnabled:0]]
[2020.03.19-19.36.16:474][  0]LogConfig: Setting CVar [[gc.UseDisregardForGCOnDedicatedServers:0]]
[2020.03.19-19.36.16:474][  0]LogConfig: Applying CVar settings from Section [/Script/Engine.NetworkSettings] File [C:/Users/Artemiy/repo/tic-tac-toe-ue4/tic_tac_toe/Saved/Config/Windows/Engine.ini]
[2020.03.19-19.36.16:474][  0]LogConfig: Applying CVar settings from Section [/Script/UnrealEd.CookerSettings] File [C:/Users/Artemiy/repo/tic-tac-toe-ue4/tic_tac_toe/Saved/Config/Windows/Engine.ini]
[2020.03.19-19.36.16:476][  0]LogConfig: Applying CVar settings from Section [ViewDistanceQuality@3] File [C:/Users/Artemiy/repo/tic-tac-toe-ue4/tic_tac_toe/Saved/Config/Windows/Scalability.ini]
[2020.03.19-19.36.16:476][  0]LogConfig: Setting CVar [[r.SkeletalMeshLODBias:0]]
[2020.03.19-19.36.16:476][  0]LogConfig: Setting CVar [[r.ViewDistanceScale:1.0]]
[2020.03.19-19.36.16:476][  0]LogConfig: Applying CVar settings from Section [AntiAliasingQuality@3] File [C:/Users/Artemiy/repo/tic-tac-toe-ue4/tic_tac_toe/Saved/Config/Windows/Scalability.ini]
[2020.03.19-19.36.16:476][  0]LogConfig: Setting CVar [[r.PostProcessAAQuality:4]]
[2020.03.19-19.36.16:476][  0]LogConfig: Applying CVar settings from Section [ShadowQuality@3] File [C:/Users/Artemiy/repo/tic-tac-toe-ue4/tic_tac_toe/Saved/Config/Windows/Scalability.ini]
[2020.03.19-19.36.16:476][  0]LogConfig: Setting CVar [[r.LightFunctionQuality:1]]
[2020.03.19-19.36.16:476][  0]LogConfig: Setting CVar [[r.ShadowQuality:5]]
[2020.03.19-19.36.16:476][  0]LogConfig: Setting CVar [[r.Shadow.CSM.MaxCascades:10]]
[2020.03.19-19.36.16:476][  0]LogConfig: Setting CVar [[r.Shadow.MaxResolution:2048]]
[2020.03.19-19.36.16:476][  0]LogConfig: Setting CVar [[r.Shadow.MaxCSMResolution:2048]]
[2020.03.19-19.36.16:476][  0]LogConfig: Setting CVar [[r.Shadow.RadiusThreshold:0.01]]
[2020.03.19-19.36.16:476][  0]LogConfig: Setting CVar [[r.Shadow.DistanceScale:1.0]]
[2020.03.19-19.36.16:476][  0]LogConfig: Setting CVar [[r.Shadow.CSM.TransitionScale:1.0]]
[2020.03.19-19.36.16:476][  0]LogConfig: Setting CVar [[r.Shadow.PreShadowResolutionFactor:1.0]]
[2020.03.19-19.36.16:476][  0]LogConfig: Setting CVar [[r.DistanceFieldShadowing:1]]
[2020.03.19-19.36.16:476][  0]LogConfig: Setting CVar [[r.DistanceFieldAO:1]]
[2020.03.19-19.36.16:476][  0]LogConfig: Setting CVar [[r.AOQuality:2]]
[2020.03.19-19.36.16:476][  0]LogConfig: Setting CVar [[r.VolumetricFog:1]]
[2020.03.19-19.36.16:476][  0]LogConfig: Setting CVar [[r.VolumetricFog.GridPixelSize:8]]
[2020.03.19-19.36.16:476][  0]LogConfig: Setting CVar [[r.VolumetricFog.GridSizeZ:128]]
[2020.03.19-19.36.16:476][  0]LogConfig: Setting CVar [[r.VolumetricFog.HistoryMissSupersampleCount:4]]
[2020.03.19-19.36.16:476][  0]LogConfig: Setting CVar [[r.LightMaxDrawDistanceScale:1]]
[2020.03.19-19.36.16:476][  0]LogConfig: Setting CVar [[r.CapsuleShadows:1]]
[2020.03.19-19.36.16:476][  0]LogConfig: Applying CVar settings from Section [PostProcessQuality@3] File [C:/Users/Artemiy/repo/tic-tac-toe-ue4/tic_tac_toe/Saved/Config/Windows/Scalability.ini]
[2020.03.19-19.36.16:476][  0]LogConfig: Setting CVar [[r.MotionBlurQuality:4]]
[2020.03.19-19.36.16:476][  0]LogConfig: Setting CVar [[r.AmbientOcclusionMipLevelFactor:0.4]]
[2020.03.19-19.36.16:476][  0]LogConfig: Setting CVar [[r.AmbientOcclusionMaxQuality:100]]
[2020.03.19-19.36.16:476][  0]LogConfig: Setting CVar [[r.AmbientOcclusionLevels:-1]]
[2020.03.19-19.36.16:476][  0]LogConfig: Setting CVar [[r.AmbientOcclusionRadiusScale:1.0]]
[2020.03.19-19.36.16:476][  0]LogConfig: Setting CVar [[r.DepthOfFieldQuality:2]]
[2020.03.19-19.36.16:477][  0]LogConfig: Setting CVar [[r.RenderTargetPoolMin:400]]
[2020.03.19-19.36.16:477][  0]LogConfig: Setting CVar [[r.LensFlareQuality:2]]
[2020.03.19-19.36.16:477][  0]LogConfig: Setting CVar [[r.SceneColorFringeQuality:1]]
[2020.03.19-19.36.16:477][  0]LogConfig: Setting CVar [[r.EyeAdaptationQuality:2]]
[2020.03.19-19.36.16:477][  0]LogConfig: Setting CVar [[r.BloomQuality:5]]
[2020.03.19-19.36.16:477][  0]LogConfig: Setting CVar [[r.FastBlurThreshold:100]]
[2020.03.19-19.36.16:477][  0]LogConfig: Setting CVar [[r.Upscale.Quality:3]]
[2020.03.19-19.36.16:477][  0]LogConfig: Setting CVar [[r.Tonemapper.GrainQuantization:1]]
[2020.03.19-19.36.16:477][  0]LogConfig: Setting CVar [[r.LightShaftQuality:1]]
[2020.03.19-19.36.16:477][  0]LogConfig: Setting CVar [[r.Filter.SizeScale:1]]
[2020.03.19-19.36.16:477][  0]LogConfig: Setting CVar [[r.Tonemapper.Quality:5]]
[2020.03.19-19.36.16:477][  0]LogConfig: Setting CVar [[r.DOF.Gather.AccumulatorQuality:1        ; higher gathering accumulator quality]]
[2020.03.19-19.36.16:477][  0]LogConfig: Setting CVar [[r.DOF.Gather.PostfilterMethod:1          ; Median3x3 postfilering method]]
[2020.03.19-19.36.16:477][  0]LogConfig: Setting CVar [[r.DOF.Gather.EnableBokehSettings:0       ; no bokeh simulation when gathering]]
[2020.03.19-19.36.16:477][  0]LogConfig: Setting CVar [[r.DOF.Gather.RingCount:4                 ; medium number of samples when gathering]]
[2020.03.19-19.36.16:477][  0]LogConfig: Setting CVar [[r.DOF.Scatter.ForegroundCompositing:1    ; additive foreground scattering]]
[2020.03.19-19.36.16:477][  0]LogConfig: Setting CVar [[r.DOF.Scatter.BackgroundCompositing:2    ; additive background scattering]]
[2020.03.19-19.36.16:477][  0]LogConfig: Setting CVar [[r.DOF.Scatter.EnableBokehSettings:1      ; bokeh simulation when scattering]]
[2020.03.19-19.36.16:477][  0]LogConfig: Setting CVar [[r.DOF.Scatter.MaxSpriteRatio:0.1         ; only a maximum of 10% of scattered bokeh]]
[2020.03.19-19.36.16:477][  0]LogConfig: Setting CVar [[r.DOF.Recombine.Quality:1                ; cheap slight out of focus]]
[2020.03.19-19.36.16:477][  0]LogConfig: Setting CVar [[r.DOF.Recombine.EnableBokehSettings:0    ; no bokeh simulation on slight out of focus]]
[2020.03.19-19.36.16:477][  0]LogConfig: Setting CVar [[r.DOF.TemporalAAQuality:1                ; more stable temporal accumulation]]
[2020.03.19-19.36.16:477][  0]LogConfig: Setting CVar [[r.DOF.Kernel.MaxForegroundRadius:0.025]]
[2020.03.19-19.36.16:477][  0]LogConfig: Setting CVar [[r.DOF.Kernel.MaxBackgroundRadius:0.025]]
[2020.03.19-19.36.16:477][  0]LogConfig: Applying CVar settings from Section [TextureQuality@3] File [C:/Users/Artemiy/repo/tic-tac-toe-ue4/tic_tac_toe/Saved/Config/Windows/Scalability.ini]
[2020.03.19-19.36.16:477][  0]LogConfig: Setting CVar [[r.Streaming.MipBias:0]]
[2020.03.19-19.36.16:477][  0]LogConfig: Setting CVar [[r.Streaming.AmortizeCPUToGPUCopy:0]]
[2020.03.19-19.36.16:477][  0]LogConfig: Setting CVar [[r.Streaming.MaxNumTexturesToStreamPerFrame:0]]
[2020.03.19-19.36.16:477][  0]LogConfig: Setting CVar [[r.Streaming.Boost:1]]
[2020.03.19-19.36.16:477][  0]LogConfig: Setting CVar [[r.MaxAnisotropy:8]]
[2020.03.19-19.36.16:477][  0]LogConfig: Setting CVar [[r.Streaming.LimitPoolSizeToVRAM:0]]
[2020.03.19-19.36.16:477][  0]LogConfig: Setting CVar [[r.Streaming.PoolSize:1000]]
[2020.03.19-19.36.16:477][  0]LogConfig: Setting CVar [[r.Streaming.MaxEffectiveScreenSize:0]]
[2020.03.19-19.36.16:477][  0]LogConfig: Applying CVar settings from Section [EffectsQuality@3] File [C:/Users/Artemiy/repo/tic-tac-toe-ue4/tic_tac_toe/Saved/Config/Windows/Scalability.ini]
[2020.03.19-19.36.16:477][  0]LogConfig: Setting CVar [[r.TranslucencyLightingVolumeDim:64]]
[2020.03.19-19.36.16:477][  0]LogConfig: Setting CVar [[r.RefractionQuality:2]]
[2020.03.19-19.36.16:477][  0]LogConfig: Setting CVar [[r.SSR.Quality:3]]
[2020.03.19-19.36.16:477][  0]LogConfig: Setting CVar [[r.SceneColorFormat:4]]
[2020.03.19-19.36.16:477][  0]LogConfig: Setting CVar [[r.DetailMode:2]]
[2020.03.19-19.36.16:477][  0]LogConfig: Setting CVar [[r.TranslucencyVolumeBlur:1]]
[2020.03.19-19.36.16:477][  0]LogConfig: Setting CVar [[r.MaterialQualityLevel:1 ; High quality]]
[2020.03.19-19.36.16:477][  0]LogConfig: Setting CVar [[r.SSS.Scale:1]]
[2020.03.19-19.36.16:477][  0]LogConfig: Setting CVar [[r.SSS.SampleSet:2]]
[2020.03.19-19.36.16:477][  0]LogConfig: Setting CVar [[r.SSS.Quality:1]]
[2020.03.19-19.36.16:477][  0]LogConfig: Setting CVar [[r.SSS.HalfRes:1]]
[2020.03.19-19.36.16:477][  0]LogConfig: Setting CVar [[r.EmitterSpawnRateScale:1.0]]
[2020.03.19-19.36.16:477][  0]LogConfig: Setting CVar [[r.ParticleLightQuality:2]]
[2020.03.19-19.36.16:477][  0]LogConfig: Applying CVar settings from Section [FoliageQuality@3] File [C:/Users/Artemiy/repo/tic-tac-toe-ue4/tic_tac_toe/Saved/Config/Windows/Scalability.ini]
[2020.03.19-19.36.16:477][  0]LogConfig: Setting CVar [[foliage.DensityScale:1.0]]
[2020.03.19-19.36.16:477][  0]LogConfig: Setting CVar [[grass.DensityScale:1.0]]
[2020.03.19-19.36.16:477][  0]LogInit: Selected Device Profile: [Windows]
[2020.03.19-19.36.16:477][  0]LogInit: Applying CVar settings loaded from the selected device profile: [Windows]
[2020.03.19-19.36.16:480][  0]LogHAL: Display: Platform has ~ 16 GB [17012477952 / 17179869184 / 16], which maps to Larger [LargestMinGB=32, LargerMinGB=12, DefaultMinGB=8, SmallerMinGB=6, SmallestMinGB=0)
[2020.03.19-19.36.16:480][  0]LogInit: Going up to parent DeviceProfile []
[2020.03.19-19.36.16:480][  0]LogConfig: Applying CVar settings from Section [ViewDistanceQuality@3] File [C:/Users/Artemiy/repo/tic-tac-toe-ue4/tic_tac_toe/Saved/Config/Windows/Scalability.ini]
[2020.03.19-19.36.16:480][  0]LogConfig: Setting CVar [[r.SkeletalMeshLODBias:0]]
[2020.03.19-19.36.16:480][  0]LogConfig: Setting CVar [[r.ViewDistanceScale:1.0]]
[2020.03.19-19.36.16:480][  0]LogConfig: Applying CVar settings from Section [AntiAliasingQuality@3] File [C:/Users/Artemiy/repo/tic-tac-toe-ue4/tic_tac_toe/Saved/Config/Windows/Scalability.ini]
[2020.03.19-19.36.16:480][  0]LogConfig: Setting CVar [[r.PostProcessAAQuality:4]]
[2020.03.19-19.36.16:480][  0]LogConfig: Applying CVar settings from Section [ShadowQuality@3] File [C:/Users/Artemiy/repo/tic-tac-toe-ue4/tic_tac_toe/Saved/Config/Windows/Scalability.ini]
[2020.03.19-19.36.16:480][  0]LogConfig: Setting CVar [[r.LightFunctionQuality:1]]
[2020.03.19-19.36.16:480][  0]LogConfig: Setting CVar [[r.ShadowQuality:5]]
[2020.03.19-19.36.16:480][  0]LogConfig: Setting CVar [[r.Shadow.CSM.MaxCascades:10]]
[2020.03.19-19.36.16:480][  0]LogConfig: Setting CVar [[r.Shadow.MaxResolution:2048]]
[2020.03.19-19.36.16:480][  0]LogConfig: Setting CVar [[r.Shadow.MaxCSMResolution:2048]]
[2020.03.19-19.36.16:480][  0]LogConfig: Setting CVar [[r.Shadow.RadiusThreshold:0.01]]
[2020.03.19-19.36.16:480][  0]LogConfig: Setting CVar [[r.Shadow.DistanceScale:1.0]]
[2020.03.19-19.36.16:480][  0]LogConfig: Setting CVar [[r.Shadow.CSM.TransitionScale:1.0]]
[2020.03.19-19.36.16:480][  0]LogConfig: Setting CVar [[r.Shadow.PreShadowResolutionFactor:1.0]]
[2020.03.19-19.36.16:480][  0]LogConfig: Setting CVar [[r.DistanceFieldShadowing:1]]
[2020.03.19-19.36.16:480][  0]LogConfig: Setting CVar [[r.DistanceFieldAO:1]]
[2020.03.19-19.36.16:480][  0]LogConfig: Setting CVar [[r.AOQuality:2]]
[2020.03.19-19.36.16:480][  0]LogConfig: Setting CVar [[r.VolumetricFog:1]]
[2020.03.19-19.36.16:480][  0]LogConfig: Setting CVar [[r.VolumetricFog.GridPixelSize:8]]
[2020.03.19-19.36.16:480][  0]LogConfig: Setting CVar [[r.VolumetricFog.GridSizeZ:128]]
[2020.03.19-19.36.16:480][  0]LogConfig: Setting CVar [[r.VolumetricFog.HistoryMissSupersampleCount:4]]
[2020.03.19-19.36.16:480][  0]LogConfig: Setting CVar [[r.LightMaxDrawDistanceScale:1]]
[2020.03.19-19.36.16:480][  0]LogConfig: Setting CVar [[r.CapsuleShadows:1]]
[2020.03.19-19.36.16:480][  0]LogConfig: Applying CVar settings from Section [PostProcessQuality@3] File [C:/Users/Artemiy/repo/tic-tac-toe-ue4/tic_tac_toe/Saved/Config/Windows/Scalability.ini]
[2020.03.19-19.36.16:480][  0]LogConfig: Setting CVar [[r.MotionBlurQuality:4]]
[2020.03.19-19.36.16:480][  0]LogConfig: Setting CVar [[r.AmbientOcclusionMipLevelFactor:0.4]]
[2020.03.19-19.36.16:480][  0]LogConfig: Setting CVar [[r.AmbientOcclusionMaxQuality:100]]
[2020.03.19-19.36.16:480][  0]LogConfig: Setting CVar [[r.AmbientOcclusionLevels:-1]]
[2020.03.19-19.36.16:480][  0]LogConfig: Setting CVar [[r.AmbientOcclusionRadiusScale:1.0]]
[2020.03.19-19.36.16:480][  0]LogConfig: Setting CVar [[r.DepthOfFieldQuality:2]]
[2020.03.19-19.36.16:480][  0]LogConfig: Setting CVar [[r.RenderTargetPoolMin:400]]
[2020.03.19-19.36.16:480][  0]LogConfig: Setting CVar [[r.LensFlareQuality:2]]
[2020.03.19-19.36.16:480][  0]LogConfig: Setting CVar [[r.SceneColorFringeQuality:1]]
[2020.03.19-19.36.16:480][  0]LogConfig: Setting CVar [[r.EyeAdaptationQuality:2]]
[2020.03.19-19.36.16:480][  0]LogConfig: Setting CVar [[r.BloomQuality:5]]
[2020.03.19-19.36.16:480][  0]LogConfig: Setting CVar [[r.FastBlurThreshold:100]]
[2020.03.19-19.36.16:480][  0]LogConfig: Setting CVar [[r.Upscale.Quality:3]]
[2020.03.19-19.36.16:480][  0]LogConfig: Setting CVar [[r.Tonemapper.GrainQuantization:1]]
[2020.03.19-19.36.16:480][  0]LogConfig: Setting CVar [[r.LightShaftQuality:1]]
[2020.03.19-19.36.16:480][  0]LogConfig: Setting CVar [[r.Filter.SizeScale:1]]
[2020.03.19-19.36.16:480][  0]LogConfig: Setting CVar [[r.Tonemapper.Quality:5]]
[2020.03.19-19.36.16:480][  0]LogConfig: Setting CVar [[r.DOF.Gather.AccumulatorQuality:1        ; higher gathering accumulator quality]]
[2020.03.19-19.36.16:480][  0]LogConfig: Setting CVar [[r.DOF.Gather.PostfilterMethod:1          ; Median3x3 postfilering method]]
[2020.03.19-19.36.16:480][  0]LogConfig: Setting CVar [[r.DOF.Gather.EnableBokehSettings:0       ; no bokeh simulation when gathering]]
[2020.03.19-19.36.16:480][  0]LogConfig: Setting CVar [[r.DOF.Gather.RingCount:4                 ; medium number of samples when gathering]]
[2020.03.19-19.36.16:480][  0]LogConfig: Setting CVar [[r.DOF.Scatter.ForegroundCompositing:1    ; additive foreground scattering]]
[2020.03.19-19.36.16:480][  0]LogConfig: Setting CVar [[r.DOF.Scatter.BackgroundCompositing:2    ; additive background scattering]]
[2020.03.19-19.36.16:480][  0]LogConfig: Setting CVar [[r.DOF.Scatter.EnableBokehSettings:1      ; bokeh simulation when scattering]]
[2020.03.19-19.36.16:480][  0]LogConfig: Setting CVar [[r.DOF.Scatter.MaxSpriteRatio:0.1         ; only a maximum of 10% of scattered bokeh]]
[2020.03.19-19.36.16:480][  0]LogConfig: Setting CVar [[r.DOF.Recombine.Quality:1                ; cheap slight out of focus]]
[2020.03.19-19.36.16:480][  0]LogConfig: Setting CVar [[r.DOF.Recombine.EnableBokehSettings:0    ; no bokeh simulation on slight out of focus]]
[2020.03.19-19.36.16:480][  0]LogConfig: Setting CVar [[r.DOF.TemporalAAQuality:1                ; more stable temporal accumulation]]
[2020.03.19-19.36.16:480][  0]LogConfig: Setting CVar [[r.DOF.Kernel.MaxForegroundRadius:0.025]]
[2020.03.19-19.36.16:480][  0]LogConfig: Setting CVar [[r.DOF.Kernel.MaxBackgroundRadius:0.025]]
[2020.03.19-19.36.16:480][  0]LogConfig: Applying CVar settings from Section [TextureQuality@3] File [C:/Users/Artemiy/repo/tic-tac-toe-ue4/tic_tac_toe/Saved/Config/Windows/Scalability.ini]
[2020.03.19-19.36.16:480][  0]LogConfig: Setting CVar [[r.Streaming.MipBias:0]]
[2020.03.19-19.36.16:480][  0]LogConfig: Setting CVar [[r.Streaming.AmortizeCPUToGPUCopy:0]]
[2020.03.19-19.36.16:480][  0]LogConfig: Setting CVar [[r.Streaming.MaxNumTexturesToStreamPerFrame:0]]
[2020.03.19-19.36.16:480][  0]LogConfig: Setting CVar [[r.Streaming.Boost:1]]
[2020.03.19-19.36.16:481][  0]LogConfig: Setting CVar [[r.MaxAnisotropy:8]]
[2020.03.19-19.36.16:481][  0]LogConfig: Setting CVar [[r.Streaming.LimitPoolSizeToVRAM:0]]
[2020.03.19-19.36.16:481][  0]LogConfig: Setting CVar [[r.Streaming.PoolSize:1000]]
[2020.03.19-19.36.16:481][  0]LogConfig: Setting CVar [[r.Streaming.MaxEffectiveScreenSize:0]]
[2020.03.19-19.36.16:481][  0]LogConfig: Applying CVar settings from Section [EffectsQuality@3] File [C:/Users/Artemiy/repo/tic-tac-toe-ue4/tic_tac_toe/Saved/Config/Windows/Scalability.ini]
[2020.03.19-19.36.16:481][  0]LogConfig: Setting CVar [[r.TranslucencyLightingVolumeDim:64]]
[2020.03.19-19.36.16:481][  0]LogConfig: Setting CVar [[r.RefractionQuality:2]]
[2020.03.19-19.36.16:481][  0]LogConfig: Setting CVar [[r.SSR.Quality:3]]
[2020.03.19-19.36.16:481][  0]LogConfig: Setting CVar [[r.SceneColorFormat:4]]
[2020.03.19-19.36.16:481][  0]LogConfig: Setting CVar [[r.DetailMode:2]]
[2020.03.19-19.36.16:481][  0]LogConfig: Setting CVar [[r.TranslucencyVolumeBlur:1]]
[2020.03.19-19.36.16:481][  0]LogConfig: Setting CVar [[r.MaterialQualityLevel:1 ; High quality]]
[2020.03.19-19.36.16:481][  0]LogConfig: Setting CVar [[r.SSS.Scale:1]]
[2020.03.19-19.36.16:481][  0]LogConfig: Setting CVar [[r.SSS.SampleSet:2]]
[2020.03.19-19.36.16:481][  0]LogConfig: Setting CVar [[r.SSS.Quality:1]]
[2020.03.19-19.36.16:481][  0]LogConfig: Setting CVar [[r.SSS.HalfRes:1]]
[2020.03.19-19.36.16:481][  0]LogConfig: Setting CVar [[r.EmitterSpawnRateScale:1.0]]
[2020.03.19-19.36.16:481][  0]LogConfig: Setting CVar [[r.ParticleLightQuality:2]]
[2020.03.19-19.36.16:481][  0]LogConfig: Applying CVar settings from Section [FoliageQuality@3] File [C:/Users/Artemiy/repo/tic-tac-toe-ue4/tic_tac_toe/Saved/Config/Windows/Scalability.ini]
[2020.03.19-19.36.16:481][  0]LogConfig: Setting CVar [[foliage.DensityScale:1.0]]
[2020.03.19-19.36.16:481][  0]LogConfig: Setting CVar [[grass.DensityScale:1.0]]
[2020.03.19-19.36.16:481][  0]LogConfig: Applying CVar settings from Section [Startup] File [../../../Engine/Config/ConsoleVariables.ini]
[2020.03.19-19.36.16:481][  0]LogConfig: Setting CVar [[net.UseAdaptiveNetUpdateFrequency:0]]
[2020.03.19-19.36.16:481][  0]LogConfig: Setting CVar [[p.chaos.AllowCreatePhysxBodies:1]]
[2020.03.19-19.36.16:481][  0]LogConfig: Applying CVar settings from Section [ConsoleVariables] File [C:/Users/Artemiy/repo/tic-tac-toe-ue4/tic_tac_toe/Saved/Config/Windows/Engine.ini]
[2020.03.19-19.36.16:481][  0]LogInit: Computer: DESKTOP-HSPJ0KN
[2020.03.19-19.36.16:481][  0]LogInit: User: Artemiy
[2020.03.19-19.36.16:481][  0]LogInit: CPU Page size=4096, Cores=6
[2020.03.19-19.36.16:481][  0]LogInit: High frequency timer resolution =10.000000 MHz
[2020.03.19-19.36.16:481][  0]LogMemory: Memory total: Physical=15.8GB (16GB approx)
[2020.03.19-19.36.16:481][  0]LogMemory: Platform Memory Stats for Windows
[2020.03.19-19.36.16:481][  0]LogMemory: Process Physical Memory: 104.92 MB used, 104.92 MB peak
[2020.03.19-19.36.16:481][  0]LogMemory: Process Virtual Memory: 105.34 MB used, 105.34 MB peak
[2020.03.19-19.36.16:481][  0]LogMemory: Physical Memory: 8785.68 MB used,  7438.69 MB free, 16224.36 MB total
[2020.03.19-19.36.16:481][  0]LogMemory: Virtual Memory: 4708.06 MB used,  134213016.00 MB free, 134217728.00 MB total
[2020.03.19-19.36.16:485][  0]LogWindows: WindowsPlatformFeatures enabled
[2020.03.19-19.36.16:503][  0]LogInit: Using OS detected language (ru-RU).
[2020.03.19-19.36.16:503][  0]LogInit: Using OS detected locale (ru-RU).
[2020.03.19-19.36.16:503][  0]LogTextLocalizationManager: No specific localization for 'ru-RU' exists, so the 'ru' localization will be used.
[2020.03.19-19.36.16:504][  0]LogTextLocalizationResource: LocRes '../../../Engine/Content/Localization/Editor/ru/Editor.locres' could not be opened for reading!
[2020.03.19-19.36.16:504][  0]LogTextLocalizationResource: LocRes '../../../Engine/Content/Localization/EditorTutorials/ru/EditorTutorials.locres' could not be opened for reading!
[2020.03.19-19.36.16:504][  0]LogTextLocalizationResource: LocRes '../../../Engine/Content/Localization/Keywords/ru/Keywords.locres' could not be opened for reading!
[2020.03.19-19.36.16:504][  0]LogTextLocalizationResource: LocRes '../../../Engine/Content/Localization/Category/ru/Category.locres' could not be opened for reading!
[2020.03.19-19.36.16:504][  0]LogTextLocalizationResource: LocRes '../../../Engine/Content/Localization/ToolTips/ru/ToolTips.locres' could not be opened for reading!
[2020.03.19-19.36.16:504][  0]LogTextLocalizationResource: LocRes '../../../Engine/Content/Localization/PropertyNames/ru/PropertyNames.locres' could not be opened for reading!
[2020.03.19-19.36.16:504][  0]LogTextLocalizationResource: LocRes '../../../Engine/Content/Localization/Engine/ru/Engine.locres' could not be opened for reading!
[2020.03.19-19.36.16:525][  0]LogSlate: New Slate User Created.  User Index 0, Is Virtual User: 0
[2020.03.19-19.36.16:525][  0]LogSlate: Slate User Registered.  User Index 0, Is Virtual User: 0
[2020.03.19-19.36.16:577][  0]LogHMD: Failed to initialize OpenVR with code 126
[2020.03.19-19.36.16:577][  0]LogD3D11RHI: D3D11 adapters:
[2020.03.19-19.36.16:636][  0]LogD3D11RHI:    0. 'NVIDIA GeForce GTX 1050 Ti' (Feature Level 11_0)
[2020.03.19-19.36.16:636][  0]LogD3D11RHI:       4018/0/8112 MB DedicatedVideo/DedicatedSystem/SharedSystem, Outputs:1, VendorId:0x10de
[2020.03.19-19.36.16:647][  0]LogD3D11RHI:    1. 'Intel(R) UHD Graphics 630' (Feature Level 11_0)
[2020.03.19-19.36.16:647][  0]LogD3D11RHI:       128/0/8112 MB DedicatedVideo/DedicatedSystem/SharedSystem, Outputs:0, VendorId:0x8086
[2020.03.19-19.36.16:649][  0]LogD3D11RHI:    2. 'Microsoft Basic Render Driver' (Feature Level 11_0)
[2020.03.19-19.36.16:649][  0]LogD3D11RHI:       0/0/8112 MB DedicatedVideo/DedicatedSystem/SharedSystem, Outputs:0, VendorId:0x1414
[2020.03.19-19.36.16:649][  0]LogD3D11RHI: Chosen D3D11 Adapter: 0
[2020.03.19-19.36.16:688][  0]LogD3D11RHI: Creating new Direct3DDevice
[2020.03.19-19.36.16:688][  0]LogD3D11RHI:     GPU DeviceId: 0x1c8c (for the marketing name, search the web for "GPU Device Id")
[2020.03.19-19.36.16:688][  0]LogWindows: EnumDisplayDevices:
[2020.03.19-19.36.16:688][  0]LogWindows:    0. 'Intel(R) UHD Graphics 630' (P:1 D:1)
[2020.03.19-19.36.16:688][  0]LogWindows:    1. 'Intel(R) UHD Graphics 630' (P:0 D:0)
[2020.03.19-19.36.16:689][  0]LogWindows:    2. 'Intel(R) UHD Graphics 630' (P:0 D:0)
[2020.03.19-19.36.16:689][  0]LogWindows:    3. 'NVIDIA GeForce GTX 1050 Ti' (P:0 D:0)
[2020.03.19-19.36.16:689][  0]LogWindows: DebugString: PrimaryIsNotTheChoosenAdapter PrimaryIsNotTheChoosenAdapter PrimaryIsNotTheChoosenAdapter 
[2020.03.19-19.36.16:689][  0]LogD3D11RHI:     Adapter Name: NVIDIA GeForce GTX 1050 Ti
[2020.03.19-19.36.16:689][  0]LogD3D11RHI:   Driver Version: 441.41 (internal:26.21.14.4141, unified:441.41)
[2020.03.19-19.36.16:689][  0]LogD3D11RHI:      Driver Date: 11-20-2019
[2020.03.19-19.36.16:689][  0]LogRHI: Texture pool is 2812 MB (70% of 4018 MB)
[2020.03.19-19.36.16:727][  0]LogD3D11RHI: Async texture creation enabled
[2020.03.19-19.36.16:742][  0]LogD3D11RHI: GPU Timing Frequency: 1000.000000 (Debug: 2 1)
[2020.03.19-19.36.16:997][  0]LogTemp: Display: Module 'WindowsClientTargetPlatform' loaded TargetPlatform 'WindowsClient'
[2020.03.19-19.36.17:004][  0]LogTemp: Display: Module 'WindowsNoEditorTargetPlatform' loaded TargetPlatform 'WindowsNoEditor'
[2020.03.19-19.36.17:010][  0]LogTemp: Display: Module 'WindowsServerTargetPlatform' loaded TargetPlatform 'WindowsServer'
[2020.03.19-19.36.17:013][  0]LogTemp: Display: Module 'WindowsTargetPlatform' loaded TargetPlatform 'Windows'
[2020.03.19-19.36.17:013][  0]LogTargetPlatformManager: Display: Building Assets For Windows
[2020.03.19-19.36.17:019][  0]LogAudioDebug: Display: Lib vorbis DLL was dynamically loaded.
[2020.03.19-19.36.17:049][  0]LogShaderCompilers: Guid format shader working directory is -2 characters bigger than the processId version (C:/Users/Artemiy/repo/tic-tac-toe-ue4/tic_tac_toe/Intermediate/Shaders/WorkingDirectory/30376/).
[2020.03.19-19.36.17:049][  0]LogShaderCompilers: Cleaned the shader compiler working directory 'C:/Users/Artemiy/AppData/Local/Temp/UnrealShaderWorkingDir/73AF1FC7455FAE8F5F754B85EDDD8CF9/'.
[2020.03.19-19.36.17:050][  0]LogXGEController: Cannot use XGE Controller as Incredibuild is not installed on this machine.
[2020.03.19-19.36.17:051][  0]LogShaderCompilers: Cannot use XGE Shader Compiler as Incredibuild is not installed on this machine.
[2020.03.19-19.36.17:051][  0]LogShaderCompilers: Display: Using Local Shader Compiler.
[2020.03.19-19.36.17:586][  0]LogDerivedDataCache: Display: Max Cache Size: 512 MB
[2020.03.19-19.36.17:631][  0]LogDerivedDataCache: Loaded boot cache 0.04s 76MB C:/Users/Artemiy/AppData/Local/UnrealEngine/4.23/DerivedDataCache/Boot.ddc.
[2020.03.19-19.36.17:631][  0]LogDerivedDataCache: Display: Loaded Boot cache: C:/Users/Artemiy/AppData/Local/UnrealEngine/4.23/DerivedDataCache/Boot.ddc
[2020.03.19-19.36.17:631][  0]LogDerivedDataCache: FDerivedDataBackendGraph:  Pak pak cache file C:/Users/Artemiy/repo/tic-tac-toe-ue4/tic_tac_toe/DerivedDataCache/DDC.ddp not found, will not use a pak cache.
[2020.03.19-19.36.17:631][  0]LogDerivedDataCache: Unable to find inner node Pak for hierarchical cache Hierarchy.
[2020.03.19-19.36.17:631][  0]LogDerivedDataCache: FDerivedDataBackendGraph:  CompressedPak pak cache file C:/Users/Artemiy/repo/tic-tac-toe-ue4/tic_tac_toe/DerivedDataCache/Compressed.ddp not found, will not use a pak cache.
[2020.03.19-19.36.17:631][  0]LogDerivedDataCache: Unable to find inner node CompressedPak for hierarchical cache Hierarchy.
[2020.03.19-19.36.17:641][  0]LogDerivedDataCache: Display: Pak cache opened for reading ../../../Engine/DerivedDataCache/Compressed.ddp.
[2020.03.19-19.36.17:641][  0]LogDerivedDataCache: FDerivedDataBackendGraph:  EnterprisePak pak cache file ../../../Enterprise/DerivedDataCache/Compressed.ddp not found, will not use a pak cache.
[2020.03.19-19.36.17:641][  0]LogDerivedDataCache: Unable to find inner node EnterprisePak for hierarchical cache Hierarchy.
[2020.03.19-19.36.17:642][  0]LogDerivedDataCache: Using Local data cache path C:/Users/Artemiy/AppData/Local/UnrealEngine/Common/DerivedDataCache: Writable
[2020.03.19-19.36.17:642][  0]LogDerivedDataCache: Shared data cache path not found in *engine.ini, will not use an Shared cache.
[2020.03.19-19.36.17:642][  0]LogDerivedDataCache: Unable to find inner node Shared for hierarchical cache Hierarchy.
[2020.03.19-19.36.17:661][  0]LogMaterial: Verifying Global Shaders for PCD3D_SM5
[2020.03.19-19.36.17:663][  0]LogSlate: Using FreeType 2.6.0
[2020.03.19-19.36.17:663][  0]LogSlate: SlateFontServices - WITH_FREETYPE: 1, WITH_HARFBUZZ: 1
[2020.03.19-19.36.17:764][  0]LogInit: Using OS detected language (ru-RU).
[2020.03.19-19.36.17:764][  0]LogInit: Using OS detected locale (ru-RU).
[2020.03.19-19.36.17:764][  0]LogTextLocalizationManager: No localization for 'ru-RU' exists, so 'en' will be used for the language.
[2020.03.19-19.36.17:764][  0]LogTextLocalizationManager: No localization for 'ru-RU' exists, so 'en' will be used for the locale.
[2020.03.19-19.36.17:765][  0]LogSlate: FontCache flush requested. Reason: Culture for localization was changed
[2020.03.19-19.36.17:765][  0]LogSlate: FontCache flush requested. Reason: Culture for localization was changed
[2020.03.19-19.36.17:765][  0]LogTextLocalizationManager: Compacting localization data took   0.00ms
[2020.03.19-19.36.17:769][  0]LogAssetRegistry: FAssetRegistry took 0.0019 seconds to start up
[2020.03.19-19.36.17:960][  0]LogPackageLocalizationCache: Processed 12 localized package path(s) for 1 prioritized culture(s) in 0.001143 seconds
[2020.03.19-19.36.18:039][  0]LogInit: Selected Device Profile: [Windows]
[2020.03.19-19.36.18:169][  0]LogMeshReduction: Using QuadricMeshReduction for automatic static mesh reduction
[2020.03.19-19.36.18:169][  0]LogMeshReduction: Using SimplygonMeshReduction for automatic skeletal mesh reduction
[2020.03.19-19.36.18:169][  0]LogMeshReduction: Using ProxyLODMeshReduction for automatic mesh merging
[2020.03.19-19.36.18:169][  0]LogMeshReduction: No distributed automatic mesh merging module available
[2020.03.19-19.36.18:169][  0]LogMeshMerging: No distributed automatic mesh merging module available
[2020.03.19-19.36.18:177][  0]LogNetVersion: tic_tac_toe 1.0.0, NetCL: 8386587, EngineNetVer: 11, GameNetVer: 0 (Checksum: 55575135)
[2020.03.19-19.36.18:574][  0]LogMoviePlayer: Initializing movie player
[2020.03.19-19.36.18:645][  0]LogTcpMessaging: Initializing TcpMessaging bridge
[2020.03.19-19.36.18:646][  0]LogUdpMessaging: Initializing bridge on interface 0.0.0.0:0 to multicast group 230.0.0.1:6666.
[2020.03.19-19.36.18:671][  0]SourceControl: Source control is disabled
[2020.03.19-19.36.18:671][  0]SourceControl: Source control is disabled
[2020.03.19-19.36.18:672][  0]SourceControl: Source control is disabled
[2020.03.19-19.36.18:698][  0]LogAndroidPermission: UAndroidPermissionCallbackProxy::GetInstance
[2020.03.19-19.36.18:792][  0]LogOcInput: OculusInput pre-init called
[2020.03.19-19.36.18:801][  0]LogUObjectArray: 48866 objects as part of root set at end of initial load.
[2020.03.19-19.36.18:801][  0]LogUObjectAllocator: 8609784 out of 0 bytes used by permanent object pool.
[2020.03.19-19.36.18:801][  0]LogUObjectArray: CloseDisregardForGC: 0/0 objects in disregard for GC pool
[2020.03.19-19.36.18:850][  0]LogEngine: Initializing Engine...
[2020.03.19-19.36.18:875][  0]LogHMD: Failed to initialize OpenVR with code 126
[2020.03.19-19.36.18:877][  0]LogStats: UGameplayTagsManager::InitializeManager -  0.000 s
[2020.03.19-19.36.19:022][  0]LogInit: Initializing FReadOnlyCVARCache
[2020.03.19-19.36.19:035][  0]LogInit: XAudio2 using 'Динамики (Realtek High Definition Audio)' : 2 channels at 48 kHz using 32 bits per sample (channel mask 0x3)
[2020.03.19-19.36.19:053][  0]LogInit: FAudioDevice initialized.
[2020.03.19-19.36.19:054][  0]LogNetVersion: Set ProjectVersion to 1.0.0.0. Version Checksum will be recalculated on next use.
[2020.03.19-19.36.19:059][  0]LogInit: Texture streaming: Enabled
[2020.03.19-19.36.19:191][  0]LogSlate: Updating window title bar state: overlay mode, drag disabled, window buttons hidden, title bar hidden
[2020.03.19-19.36.19:191][  0]LogInit: Display: Game Engine Initialized.
[2020.03.19-19.36.19:235][  0]LogInit: Display: Starting Game.
[2020.03.19-19.36.19:235][  0]LogNet: Browse: /Game/NewMap?Name=Player
[2020.03.19-19.36.19:235][  0]LogLoad: LoadMap: /Game/NewMap?Name=Player
[2020.03.19-19.36.19:235][  0]LogWorld: BeginTearingDown for /Temp/Untitled_0
[2020.03.19-19.36.19:236][  0]LogWorld: UWorld::CleanupWorld for Untitled, bSessionEnded=true, bCleanupResources=true
[2020.03.19-19.36.19:264][  0]LogUObjectHash: Compacting FUObjectHashTables data took   1.36ms
[2020.03.19-19.36.19:468][  0]LogAIModule: Creating AISystem for world NewMap
[2020.03.19-19.36.19:468][  0]LogLoad: Game class is 'DefaultGameMode_C'
[2020.03.19-19.36.19:477][  0]LogWorld: Bringing World /Game/NewMap.NewMap up for play (max tick rate 0) at 2020.03.19-22.36.19
[2020.03.19-19.36.19:478][  0]LogWorld: Bringing up level for play took: 0.008663
[2020.03.19-19.36.19:478][  0]LogGameMode: FindPlayerStart: PATHS NOT DEFINED or NO PLAYERSTART with positive rating
[2020.03.19-19.36.19:481][  0]LogLoad: Took 0.246295 seconds to LoadMap(/Game/NewMap)
[2020.03.19-19.36.19:500][  0]LogRenderer: Reallocating scene render targets to support 1280x720 Format 10 NumSamples 1 (Frame:1).
[2020.03.19-19.36.19:500][  0]LogLoad: (Engine Initialization) Total time: 4.21 seconds
[2020.03.19-19.36.19:500][  0]LogLoad: (Engine Initialization) Total Blueprint compile time: 0.00 seconds
[2020.03.19-19.36.19:541][  0]LogContentStreaming: Texture pool size now 1000 MB
[2020.03.19-19.36.19:573][  0]LogRenderer: Reallocating scene render targets to support 128x128 Format 10 NumSamples 1 (Frame:1).
[2020.03.19-19.36.19:596][  0]LogRenderer: Reallocating scene render targets to support 1280x720 Format 10 NumSamples 1 (Frame:2).
[2020.03.19-19.36.42:834][414]LogWindowsDesktop: Alt-F4 pressed!
[2020.03.19-19.36.42:841][414]LogSlate: Window 'tic_tac_toe (64-bit Development PCD3D_SM5) ' being destroyed
[2020.03.19-19.36.42:843][414]LogWindowsTextInputMethodSystem: Display: IME system now deactivated.
[2020.03.19-19.36.42:847][414]LogWindowsTextInputMethodSystem: Display: IME system now deactivated.
[2020.03.19-19.36.42:848][414]LogSlate: Updating window title bar state: overlay mode, drag disabled, window buttons hidden, title bar hidden
[2020.03.19-19.36.42:848][414]LogEngine: All Windows Closed
[2020.03.19-19.36.42:848][414]LogWindows: FPlatformMisc::RequestExit(0)
[2020.03.19-19.36.42:850][415]LogWorld: BeginTearingDown for /Game/NewMap
[2020.03.19-19.36.42:851][415]LogWorld: UWorld::CleanupWorld for NewMap, bSessionEnded=true, bCleanupResources=true
[2020.03.19-19.36.42:894][415]LogExit: Preparing to exit.
[2020.03.19-19.36.42:894][415]LogMoviePlayer: Shutting down movie player
[2020.03.19-19.36.43:667][415]LogSlate: Updating window title bar state: overlay mode, drag disabled, window buttons hidden, title bar hidden
[2020.03.19-19.36.43:670][415]LogDemo: Cleaned up 0 splitscreen connections with owner deletion
[2020.03.19-19.36.43:674][415]LogExit: Game engine shut down
[2020.03.19-19.36.43:727][415]LogExit: Object subsystem successfully closed.
[2020.03.19-19.36.43:739][415]LogShaderCompilers: Display: Shaders left to compile 0
[2020.03.19-19.36.43:746][415]LogModuleManager: Shutting down and abandoning module SequenceRecorderSections (408)
[2020.03.19-19.36.43:746][415]LogModuleManager: Shutting down and abandoning module SequenceRecorder (406)
[2020.03.19-19.36.43:746][415]LogModuleManager: Shutting down and abandoning module AutomationController (404)
[2020.03.19-19.36.43:746][415]LogModuleManager: Shutting down and abandoning module AutomationWorker (402)
[2020.03.19-19.36.43:746][415]LogModuleManager: Shutting down and abandoning module Voice (400)
[2020.03.19-19.36.43:746][415]LogModuleManager: Shutting down and abandoning module AIModule (398)
[2020.03.19-19.36.43:746][415]LogModuleManager: Shutting down and abandoning module GameplayDebugger (397)
[2020.03.19-19.36.43:746][415]LogModuleManager: Shutting down and abandoning module AITestSuite (395)
[2020.03.19-19.36.43:746][415]LogModuleManager: Shutting down and abandoning module NavigationSystem (393)
[2020.03.19-19.36.43:746][415]LogModuleManager: Shutting down and abandoning module OculusMR (390)
[2020.03.19-19.36.43:746][415]LogModuleManager: Shutting down and abandoning module WmfMediaFactory (388)
[2020.03.19-19.36.43:746][415]LogModuleManager: Shutting down and abandoning module WebMMediaFactory (386)
[2020.03.19-19.36.43:746][415]LogModuleManager: Shutting down and abandoning module WebMMedia (384)
[2020.03.19-19.36.43:746][415]LogModuleManager: Shutting down and abandoning module OpenExrWrapper (382)
[2020.03.19-19.36.43:746][415]LogModuleManager: Shutting down and abandoning module ImgMediaFactory (380)
[2020.03.19-19.36.43:746][415]LogModuleManager: Shutting down and abandoning module AvfMediaFactory (378)
[2020.03.19-19.36.43:746][415]LogModuleManager: Shutting down and abandoning module MagicLeapCameraPreviewFactory (376)
[2020.03.19-19.36.43:746][415]LogModuleManager: Shutting down and abandoning module MagicLeapMediaCodecFactory (374)
[2020.03.19-19.36.43:746][415]LogModuleManager: Shutting down and abandoning module MagicLeapMediaFactory (372)
[2020.03.19-19.36.43:746][415]LogModuleManager: Shutting down and abandoning module CharacterAI (370)
[2020.03.19-19.36.43:746][415]LogModuleManager: Shutting down and abandoning module SessionServices (368)
[2020.03.19-19.36.43:746][415]LogModuleManager: Shutting down and abandoning module MovieSceneCapture (366)
[2020.03.19-19.36.43:746][415]LogModuleManager: Shutting down and abandoning module LiveCoding (364)
[2020.03.19-19.36.43:746][415]LogModuleManager: Shutting down and abandoning module LevelSequence (362)
[2020.03.19-19.36.43:746][415]LogModuleManager: Shutting down and abandoning module MovieSceneTracks (360)
[2020.03.19-19.36.43:746][415]LogModuleManager: Shutting down and abandoning module MovieScene (358)
[2020.03.19-19.36.43:746][415]LogModuleManager: Shutting down and abandoning module StreamingPauseRendering (356)
[2020.03.19-19.36.43:746][415]LogModuleManager: Shutting down and abandoning module PortalServices (354)
[2020.03.19-19.36.43:746][415]LogModuleManager: Shutting down and abandoning module PortalRpc (352)
[2020.03.19-19.36.43:746][415]LogModuleManager: Shutting down and abandoning module MessagingRpc (350)
[2020.03.19-19.36.43:746][415]LogModuleManager: Shutting down and abandoning module ImageWriteQueue (348)
[2020.03.19-19.36.43:748][415]LogModuleManager: Shutting down and abandoning module ProfilerService (346)
[2020.03.19-19.36.43:857][415]LogModuleManager: Shutting down and abandoning module TaskGraph (344)
[2020.03.19-19.36.43:857][415]LogModuleManager: Shutting down and abandoning module SteamVRController (342)
[2020.03.19-19.36.43:857][415]LogModuleManager: Shutting down and abandoning module ProceduralMeshComponent (340)
[2020.03.19-19.36.43:857][415]LogModuleManager: Shutting down and abandoning module OculusInput (338)
[2020.03.19-19.36.43:857][415]LogModuleManager: Shutting down and abandoning module MobilePatchingUtils (336)
[2020.03.19-19.36.43:857][415]LogModuleManager: Shutting down and abandoning module EditableMesh (334)
[2020.03.19-19.36.43:857][415]LogModuleManager: Shutting down and abandoning module CustomMeshComponent (332)
[2020.03.19-19.36.43:857][415]LogModuleManager: Shutting down and abandoning module CableComponent (330)
[2020.03.19-19.36.43:857][415]LogModuleManager: Shutting down and abandoning module AudioCapture (328)
[2020.03.19-19.36.43:857][415]LogModuleManager: Shutting down and abandoning module ArchVisCharacter (326)
[2020.03.19-19.36.43:857][415]LogModuleManager: Shutting down and abandoning module AppleImageUtilsBlueprintSupport (324)
[2020.03.19-19.36.43:857][415]LogModuleManager: Shutting down and abandoning module AppleImageUtils (322)
[2020.03.19-19.36.43:857][415]LogModuleManager: Shutting down and abandoning module AndroidPermission (320)
[2020.03.19-19.36.43:857][415]LogModuleManager: Shutting down and abandoning module NUTUnrealEngine4 (318)
[2020.03.19-19.36.43:857][415]LogModuleManager: Shutting down and abandoning module NetcodeUnitTest (316)
[2020.03.19-19.36.43:857][415]LogModuleManager: Shutting down and abandoning module MediaCompositing (314)
[2020.03.19-19.36.43:857][415]LogModuleManager: Shutting down and abandoning module ImgMedia (312)
[2020.03.19-19.36.43:857][415]LogModuleManager: Shutting down and abandoning module MagicLeapHelperVulkan (310)
[2020.03.19-19.36.43:857][415]LogModuleManager: Shutting down and abandoning module MagicLeapHelperOpenGL (308)
[2020.03.19-19.36.43:857][415]LogModuleManager: Shutting down and abandoning module MagicLeapAudio (306)
[2020.03.19-19.36.43:857][415]LogModuleManager: Shutting down and abandoning module HTML5Networking (304)
[2020.03.19-19.36.43:857][415]LogModuleManager: Shutting down and abandoning module GeometryCacheTracks (302)
[2020.03.19-19.36.43:857][415]LogModuleManager: Shutting down and abandoning module GeometryCacheSequencer (301)
[2020.03.19-19.36.43:857][415]LogModuleManager: Shutting down and abandoning module GeometryCache (298)
[2020.03.19-19.36.43:857][415]LogModuleManager: Shutting down and abandoning module GeometryCacheEd (297)
[2020.03.19-19.36.43:857][415]LogModuleManager: Shutting down and abandoning module BackChannel (294)
[2020.03.19-19.36.43:857][415]LogModuleManager: Shutting down and abandoning module AutomationUtils (292)
[2020.03.19-19.36.43:858][415]LogModuleManager: Shutting down and abandoning module VariantManagerContent (290)
[2020.03.19-19.36.43:858][415]LogModuleManager: Shutting down and abandoning module CryptoKeysOpenSSL (288)
[2020.03.19-19.36.43:858][415]LogModuleManager: Shutting down and abandoning module CryptoKeys (286)
[2020.03.19-19.36.43:858][415]LogModuleManager: Shutting down and abandoning module VisualStudioSourceCodeAccess (284)
[2020.03.19-19.36.43:858][415]LogModuleManager: Shutting down and abandoning module HotReload (283)
[2020.03.19-19.36.43:858][415]LogModuleManager: Shutting down and abandoning module DirectoryWatcher (282)
[2020.03.19-19.36.43:858][415]LogModuleManager: Shutting down and abandoning module VisualStudioCodeSourceCodeAccess (278)
[2020.03.19-19.36.43:858][415]LogModuleManager: Shutting down and abandoning module UObjectPlugin (276)
[2020.03.19-19.36.43:858][415]LogModuleManager: Shutting down and abandoning module SubversionSourceControl (274)
[2020.03.19-19.36.43:858][415]LogModuleManager: Shutting down and abandoning module PerforceSourceControl (272)
[2020.03.19-19.36.43:858][415]LogModuleManager: Shutting down and abandoning module SourceControl (271)
[2020.03.19-19.36.43:858][415]LogModuleManager: Shutting down and abandoning module CLionSourceCodeAccess (268)
[2020.03.19-19.36.43:858][415]LogModuleManager: Shutting down and abandoning module ActorLayerUtilities (266)
[2020.03.19-19.36.43:858][415]LogModuleManager: Shutting down and abandoning module SignificanceManager (264)
[2020.03.19-19.36.43:858][415]LogModuleManager: Shutting down and abandoning module RuntimePhysXCooking (262)
[2020.03.19-19.36.43:858][415]LogModuleManager: Shutting down and abandoning module PhysXVehiclesEditor (260)
[2020.03.19-19.36.43:858][415]LogModuleManager: Shutting down and abandoning module LocationServicesBPLibrary (256)
[2020.03.19-19.36.43:858][415]LogModuleManager: Shutting down and abandoning module ActorSequence (254)
[2020.03.19-19.36.43:858][415]LogModuleManager: Shutting down and abandoning module UdpMessaging (252)
[2020.03.19-19.36.43:959][415]LogModuleManager: Shutting down and abandoning module TcpMessaging (250)
