"C:/Users/Artemiy/repo/tic-tac-toe-ue4/tic_tac_toe/Content/Assets/Textures/CircleWinsTexture.uasset" 0
"C:/Users/Artemiy/repo/tic-tac-toe-ue4/tic_tac_toe/Content/Assets/Materials/CircleWinsMaterial.uasset" 1
"C:/Users/Artemiy/repo/tic-tac-toe-ue4/tic_tac_toe/Content/Blueprints/CircleWinsMaterial.uasset" 2
"C:/Users/Artemiy/repo/tic-tac-toe-ue4/tic_tac_toe/Content/Assets/Textures/CrossWinsTexture.uasset" 3
"C:/Users/Artemiy/repo/tic-tac-toe-ue4/tic_tac_toe/Content/Assets/Materials/CrossWinsMaterial.uasset" 4
"C:/Users/Artemiy/repo/tic-tac-toe-ue4/tic_tac_toe/Content/Blueprints/CrossWinsMaterial.uasset" 5
"C:/Users/Artemiy/repo/tic-tac-toe-ue4/tic_tac_toe/Content/Assets/Textures/DrawTexture.uasset" 6
"C:/Users/Artemiy/repo/tic-tac-toe-ue4/tic_tac_toe/Content/Assets/Materials/DrawMaterial.uasset" 7
"C:/Users/Artemiy/repo/tic-tac-toe-ue4/tic_tac_toe/Content/Blueprints/DrawMaterial.uasset" 8
"C:/Users/Artemiy/repo/tic-tac-toe-ue4/tic_tac_toe/Content/Assets/Textures/GameInProgressTexture.uasset" 9
"C:/Users/Artemiy/repo/tic-tac-toe-ue4/tic_tac_toe/Content/Assets/Materials/GameInProgressMaterial.uasset" 10
"C:/Users/Artemiy/repo/tic-tac-toe-ue4/tic_tac_toe/Content/Blueprints/GameInProgressMaterial.uasset" 11
"../../../Engine/Content/Animation/DefaultAnimCurveCompressionSettings.uasset" 12
"../../../Engine/Content/Functions/Engine_MaterialFunctions01/Opacity/CameraDepthFade.uasset" 13
"../../../Engine/Content/EngineMaterials/T_Default_Material_Grid_M.uasset" 14
"../../../Engine/Content/EngineMaterials/T_Default_Material_Grid_N.uasset" 15
"../../../Engine/Content/EngineMaterials/WorldGridMaterial.uasset" 16
"../../../Engine/Content/ArtTools/RenderToTexture/Meshes/S_1_Unit_Plane.uasset" 17
"../../../Engine/Content/EngineMaterials/DefaultMaterial.uasset" 18
"../../../Engine/Content/BasicShapes/Cone.uasset" 19
"../../../Engine/Content/BasicShapes/Cylinder.uasset" 20
"../../../Engine/Content/BasicShapes/Plane.uasset" 21
"../../../Engine/Content/EditorLandscapeResources/DataLayer.uasset" 22
"../../../Engine/Content/EditorMaterials/GizmoMaterial.uasset" 23
"../../../Engine/Content/EditorMaterials/MAT_Groups_Toggle.uasset" 24
"../../../Engine/Content/EditorMaterials/MAT_Groups_Visibility.uasset" 25
"../../../Engine/Content/EditorMaterials/PreviewShadowIndicator.uasset" 26
"../../../Engine/Content/EditorMaterials/PreviewShadowIndicatorMaterial.uasset" 27
"../../../Engine/Content/EditorMaterials/MatineeGroups/MAT_ColorTrack.uasset" 28
"../../../Engine/Content/EditorMaterials/MatineeGroups/MAT_Groups_Anim.uasset" 29
"../../../Engine/Content/EditorMaterials/MatineeGroups/MAT_Groups_AudioMaster.uasset" 30
"../../../Engine/Content/EditorMaterials/MatineeGroups/MAT_Groups_Director.uasset" 31
"../../../Engine/Content/EditorMaterials/MatineeGroups/MAT_Groups_Event.uasset" 32
"../../../Engine/Content/EditorMaterials/MatineeGroups/MAT_Groups_Fade.uasset" 33
"../../../Engine/Content/EditorMaterials/MatineeGroups/MAT_Groups_Float.uasset" 34
"../../../Engine/Content/EditorMaterials/MatineeGroups/MAT_Groups_Move.uasset" 35
"../../../Engine/Content/EditorMaterials/MatineeGroups/MAT_Groups_Slomo.uasset" 36
"../../../Engine/Content/EditorMaterials/MatineeGroups/MAT_Groups_Sound.uasset" 37
"../../../Engine/Content/EditorMaterials/MatineeGroups/MAT_Groups_Vector.uasset" 38
"../../../Engine/Content/EditorMaterials/ParticleSystems/PSysThumbnail_NoImage.uasset" 39
"../../../Engine/Content/EditorMaterials/ParticleSystems/PSysThumbnail_OOD.uasset" 40
"../../../Engine/Content/EditorMaterials/Camera/CineMat.uasset" 41
"../../../Engine/Content/EditorMaterials/Camera/MI_CineMat_Rig.uasset" 42
"../../../Engine/Content/EditorMeshes/Camera/SM_CraneRig_Arm.uasset" 43
"../../../Engine/Content/EditorMeshes/Camera/SM_CraneRig_Base.uasset" 44
"../../../Engine/Content/EditorMeshes/Camera/SM_CraneRig_Body.uasset" 45
"../../../Engine/Content/EditorMeshes/Camera/SM_CraneRig_Mount.uasset" 46
"../../../Engine/Content/EditorMeshes/Camera/SM_RailRig_Mount.uasset" 47
"../../../Engine/Content/EditorMeshes/Camera/SM_RailRig_Track.uasset" 48
"../../../Engine/Content/EditorResources/BSPVertex.uasset" 49
"../../../Engine/Content/EditorResources/EmptyActor.uasset" 50
"../../../Engine/Content/EditorResources/S_Actor.uasset" 51
"../../../Engine/Content/EditorResources/S_Note.uasset" 52
"../../../Engine/Content/EditorResources/S_Solver.uasset" 53
"../../../Engine/Content/EditorResources/S_Trigger.uasset" 54
"../../../Engine/Content/EditorResources/LightIcons/S_LightError.uasset" 55
"../../../Engine/Content/EditorResources/SequenceRecorder/Countdown.uasset" 56
"../../../Engine/Content/EditorResources/SequenceRecorder/RecordingIndicator.uasset" 57
"../../../Engine/Content/EditorSounds/Notifications/CompileFailed.uasset" 58
"../../../Engine/Content/EditorSounds/Notifications/CompileFailed_Cue.uasset" 59
"../../../Engine/Content/EditorSounds/Notifications/CompileSuccess.uasset" 60
"../../../Engine/Content/EditorSounds/Notifications/CompileStart_Cue.uasset" 61
"../../../Engine/Content/EditorSounds/Notifications/CompileSuccess_Cue.uasset" 62
"../../../Engine/Content/EngineDamageTypes/DmgTypeBP_Environmental.uasset" 63
"../../../Engine/Content/EngineDebugMaterials/HeatmapGradient.uasset" 64
"../../../Engine/Content/EngineDebugMaterials/BoneWeightMaterial.uasset" 65
"../../../Engine/Content/EngineDebugMaterials/ClothMaterial.uasset" 66
"../../../Engine/Content/EngineDebugMaterials/ClothMaterial_WF.uasset" 67
"../../../Engine/Content/EngineDebugMaterials/DebugEditorMaterial.uasset" 68
"../../../Engine/Content/EngineDebugMaterials/DebugMeshMaterial.uasset" 69
"../../../Engine/Content/EngineDebugMaterials/GeomMaterial.uasset" 70
"../../../Engine/Content/EngineDebugMaterials/M_SimpleTranslucent.uasset" 71
"../../../Engine/Content/Functions/Engine_MaterialFunctions02/Utility/CameraDirectionVector.uasset" 72
"../../../Engine/Content/EngineDebugMaterials/VolumeToRender.uasset" 73
"../../../Engine/Content/EngineDebugMaterials/M_VolumeRenderSphereTracePP.uasset" 74
"../../../Engine/Content/EngineDebugMaterials/WireframeMaterial.uasset" 75
"../../../Engine/Content/EngineFonts/Faces/RobotoBold.uasset" 76
"../../../Engine/Content/EngineFonts/Faces/RobotoBoldItalic.uasset" 77
"../../../Engine/Content/EngineFonts/Faces/RobotoItalic.uasset" 78
"../../../Engine/Content/EngineFonts/Faces/RobotoLight.uasset" 79
"../../../Engine/Content/EngineFonts/Faces/RobotoRegular.uasset" 80
"../../../Engine/Content/EngineFonts/Roboto.uasset" 81
"../../../Engine/Content/EngineMaterials/BaseFlattenDiffuseMap.uasset" 82
"../../../Engine/Content/EngineMaterials/BaseFlattenEmissiveMap.uasset" 83
"../../../Engine/Content/EngineMaterials/BaseFlattenGrayscaleMap.uasset" 84
"../../../Engine/Content/EngineMaterials/BaseFlattenNormalMap.uasset" 85
"../../../Engine/Content/EngineMaterials/BaseFlattenMaterial.uasset" 86
"../../../Engine/Content/EngineMaterials/BlueNoise.uasset" 87
"../../../Engine/Content/EngineMaterials/DefaultBloomKernel.uasset" 88
"../../../Engine/Content/EngineMaterials/DefaultBokeh.uasset" 89
"../../../Engine/Content/EngineMaterials/DefaultDiffuse.uasset" 90
"../../../Engine/Content/EngineMaterials/DefaultDeferredDecalMaterial.uasset" 91
"../../../Engine/Content/EngineMaterials/DefaultLightFunctionMaterial.uasset" 92
"../../../Engine/Content/EngineMaterials/DefaultPhysicalMaterial.uasset" 93
"../../../Engine/Content/Functions/Engine_MaterialFunctions02/Utility/BreakOutFloat2Components.uasset" 94
"../../../Engine/Content/EngineMaterials/DefaultPostProcessMaterial.uasset" 95
"../../../Engine/Content/EngineFonts/RobotoDistanceField.uasset" 96
"../../../Engine/Content/EngineMaterials/DefaultTextMaterialOpaque.uasset" 97
"../../../Engine/Content/EngineMaterials/DefaultVirtualTextureMaterial.uasset" 98
"../../../Engine/Content/EngineMaterials/DefaultWhiteGrid.uasset" 99
"../../../Engine/Content/EngineMaterials/EditorBrushMaterial.uasset" 100
"../../../Engine/Content/EngineMaterials/DefaultWhiteGrid_Low.uasset" 101
"../../../Engine/Content/EngineMaterials/EmissiveMeshMaterial.uasset" 102
"../../../Engine/Content/EngineMaterials/Good64x64TilingNoiseHighFreq.uasset" 103
"../../../Engine/Content/EngineMaterials/MiniFont.uasset" 104
"../../../Engine/Content/EngineMaterials/InvalidLightmapSettings.uasset" 105
"../../../Engine/Content/EngineMaterials/M_InvalidLightmapSettings.uasset" 106
"../../../Engine/Content/Functions/Engine_MaterialFunctions02/WorldPositionOffset/CameraOffset.uasset" 107
"../../../Engine/Content/EngineMaterials/PhAT_JointLimitMaterial.uasset" 108
"../../../Engine/Content/EngineMaterials/PreintegratedSkinBRDF.uasset" 109
"../../../Engine/Content/EngineMaterials/RemoveSurfaceMaterial.uasset" 110
"../../../Engine/Content/EngineMaterials/WeightMapPlaceholderTexture.uasset" 111
"../../../Engine/Content/EngineResources/WhiteSquareTexture.uasset" 112
"../../../Engine/Content/EngineMaterials/Widget3DPassThrough.uasset" 113
"../../../Engine/Content/EngineMaterials/Widget3DPassThrough_Masked.uasset" 114
"../../../Engine/Content/EngineMaterials/Widget3DPassThrough_Opaque.uasset" 115
"../../../Engine/Content/EngineMaterials/Widget3DPassThrough_Masked_OneSided.uasset" 116
"../../../Engine/Content/EngineMaterials/Widget3DPassThrough_Opaque_OneSided.uasset" 117
"../../../Engine/Content/EngineMaterials/Widget3DPassThrough_Translucent.uasset" 118
"../../../Engine/Content/EngineMaterials/Widget3DPassThrough_Translucent_OneSided.uasset" 119
"../../../Engine/Content/EngineMeshes/Cylinder.uasset" 120
"../../../Engine/Content/EngineMeshes/Sphere.uasset" 121
"../../../Engine/Content/EngineResources/Black.uasset" 122
"../../../Engine/Content/EngineResources/DefaultTexture.uasset" 123
"../../../Engine/Content/EngineResources/DefaultTextureCube.uasset" 124
"../../../Engine/Content/EngineResources/DefaultVolumeTexture2D.uasset" 125
"../../../Engine/Content/EngineResources/DefaultVolumeTexture.uasset" 126
"../../../Engine/Content/EngineResources/GradientTexture0.uasset" 127
"../../../Engine/Content/EngineSounds/Master.uasset" 128
"../../../Engine/Content/Functions/Engine_MaterialFunctions01/Shading/ConvertFromDiffSpec.uasset" 129
"../../../Engine/Content/Functions/Engine_MaterialFunctions01/Shading/PowerToRoughness.uasset" 130
"../../../Engine/Content/Maps/Templates/Thumbnails/Default.uasset" 131
"../../../Engine/Content/Maps/Templates/Thumbnails/VR-Basic.uasset" 132
"../../../Engine/Content/MobileResources/T_MobileControls_texture.uasset" 133
"../../../Engine/Content/MobileResources/T_MobileMenu2.uasset" 134
"../../../Engine/Content/MobileResources/HUD/AnalogHat.uasset" 135
"../../../Engine/Content/MobileResources/HUD/VirtualJoystick_Background.uasset" 136
"../../../Engine/Content/MobileResources/HUD/VirtualJoystick_Thumb.uasset" 137
"../../../Engine/Content/MobileResources/HUD/DefaultVirtualJoysticks.uasset" 138
"../../../Engine/Content/MobileResources/HUD/LeftVirtualJoystickOnly.uasset" 139
"../../../Engine/Content/MobileResources/HUD/MobileHUDButton1_off.uasset" 140
"../../../Engine/Content/MobileResources/HUD/MobileHUDButton1_on.uasset" 141
"../../../Engine/Content/MobileResources/HUD/MobileHUDButton2_off.uasset" 142
"../../../Engine/Content/MobileResources/HUD/MobileHUDButton2_on.uasset" 143
"../../../Engine/Content/MobileResources/HUD/MobileHUDButton3.uasset" 144
"../../../Engine/Content/MobileResources/HUD/MobileHUDButtonFire.uasset" 145
"../../../Engine/Content/MobileResources/HUD/MobileHUDDirectionPad.uasset" 146
"../../../Engine/Content/MobileResources/HUD/MobileHUDDirectionPad2.uasset" 147
"../../../Engine/Content/MobileResources/HUD/MobileHUDDirectionPad3.uasset" 148
"../../../Engine/Content/MobileResources/HUD/MobileHUDDirectionStick.uasset" 149
"../../../Engine/Content/MobileResources/HUD/T_Castle_ThumbstickInner.uasset" 150
"../../../Engine/Content/MobileResources/HUD/T_Castle_ThumbstickOutter.uasset" 151
"../../../Engine/Content/Tutorial/ContentIntroCurve.uasset" 152
"../../../Engine/Content/Tutorial/Basics/LevelEditorAttract.uasset" 153
"../../../Engine/Content/VREditor/LaserPointer/VR_LaserPower_01.uasset" 154
"../../../Engine/Content/VREditor/TransformGizmo/TransformGizmoMaterial.uasset" 155
"../../../Engine/Content/VREditor/TransformGizmo/TranslucentTransformGizmoMaterial.uasset" 156
"../../../Engine/Content/VREditor/TransformGizmo/BoundingBoxCorner.uasset" 157
"../../../Engine/Content/VREditor/TransformGizmo/BoundingBoxEdge.uasset" 158
"../../../Engine/Content/VREditor/TransformGizmo/PlaneTranslationHandle.uasset" 159
"../../../Engine/Content/VREditor/TransformGizmo/Main.uasset" 160
"../../../Engine/Content/VREditor/TransformGizmo/Xray.uasset" 161
"../../../Engine/Content/VREditor/TransformGizmo/SM_Sequencer_Key.uasset" 162
"../../../Engine/Content/VREditor/TransformGizmo/SM_Sequencer_Node.uasset" 163
"../../Plugins/2D/Paper2D/Content/PlaceholderTextures/DummySpriteTexture.uasset" 164
"../../Plugins/2D/Paper2D/Content/DummySprite.uasset" 165
"../../Plugins/2D/Paper2D/Content/DefaultPaperTerrainMaterial.uasset" 166
"../../Plugins/2D/Paper2D/Content/DummySpriteTexture.uasset" 167
"../../Plugins/2D/Paper2D/Content/DefaultSpriteMaterial.uasset" 168
"../../Plugins/2D/Paper2D/Content/MaskedUnlitSpriteMaterial.uasset" 169
"../../Plugins/2D/Paper2D/Content/OpaqueUnlitSpriteMaterial.uasset" 170
"../../Plugins/Runtime/Oculus/OculusVR/Content/OculusMR_RenderTarget.uasset" 171
"../../../Engine/Content/Functions/Engine_MaterialFunctions02/Utility/BreakOutFloat4Components.uasset" 172
"../../../Engine/Content/Functions/Engine_MaterialFunctions02/Utility/MakeFloat2.uasset" 173
"../../../Engine/Content/Functions/Engine_MaterialFunctions02/Utility/MakeFloat3.uasset" 174
"../../Plugins/Runtime/Oculus/OculusVR/Content/Materials/OculusMR_ChromaKey.uasset" 175
"../../Plugins/Runtime/Oculus/OculusVR/Content/Materials/OculusMR_ChromaKey_Lit.uasset" 176
"../../Plugins/Runtime/Oculus/OculusVR/Content/Materials/OculusMR_OpaqueColoredMaterial.uasset" 177
"../../Plugins/Runtime/Oculus/OculusVR/Content/Materials/OculusMR_WhiteMaterial.uasset" 178
"../../../Engine/Content/EditorBlueprintResources/StandardMacros.uasset" 179
"../../../Engine/Content/BasicShapes/BasicShapeMaterial.uasset" 180
"../../../Engine/Content/BasicShapes/Cube.uasset" 181
"C:/Users/Artemiy/repo/tic-tac-toe-ue4/tic_tac_toe/Content/Blueprints/Pointer.uasset" 182
"../../../Engine/Content/BasicShapes/Sphere.uasset" 183
"C:/Users/Artemiy/repo/tic-tac-toe-ue4/tic_tac_toe/Content/Blueprints/Projectile1.uasset" 184
"C:/Users/Artemiy/repo/tic-tac-toe-ue4/tic_tac_toe/Content/Blueprints/Projectile2.uasset" 185
"C:/Users/Artemiy/repo/tic-tac-toe-ue4/tic_tac_toe/Content/Blueprints/SupportController.uasset" 186
"C:/Users/Artemiy/repo/tic-tac-toe-ue4/tic_tac_toe/Content/Assets/Textures/aimtexture.uasset" 187
"C:/Users/Artemiy/repo/tic-tac-toe-ue4/tic_tac_toe/Content/Blueprints/Aim.uasset" 188
"C:/Users/Artemiy/repo/tic-tac-toe-ue4/tic_tac_toe/Content/Blueprints/Player1.uasset" 189
"../../../Engine/Content/EngineSky/C_Sky_Cloud_Color.uasset" 190
"../../../Engine/Content/EngineSky/C_Sky_Horizon_Color.uasset" 191
"../../../Engine/Content/EngineSky/C_Sky_Zenith_Color.uasset" 192
"../../../Engine/Content/EngineSky/T_Sky_Blue.uasset" 193
"../../../Engine/Content/EngineSky/T_Sky_Clouds_M.uasset" 194
"../../../Engine/Content/EngineSky/T_Sky_Stars.uasset" 195
"../../../Engine/Content/EngineSky/M_Sky_Panning_Clouds2.uasset" 196
"../../../Engine/Content/EngineSky/SM_SkySphere.uasset" 197
"../../../Engine/Content/EngineSky/BP_Sky_Sphere.uasset" 198
"C:/Users/Artemiy/repo/tic-tac-toe-ue4/tic_tac_toe/Content/Assets/Textures/CircleTexture.uasset" 199
"C:/Users/Artemiy/repo/tic-tac-toe-ue4/tic_tac_toe/Content/Assets/Materials/CircleMaterial.uasset" 200
"C:/Users/Artemiy/repo/tic-tac-toe-ue4/tic_tac_toe/Content/Assets/Textures/CrossTexture.uasset" 201
"C:/Users/Artemiy/repo/tic-tac-toe-ue4/tic_tac_toe/Content/Assets/Materials/CrossMaterial.uasset" 202
"C:/Users/Artemiy/repo/tic-tac-toe-ue4/tic_tac_toe/Content/Blueprints/Cell.uasset" 203
"C:/Users/Artemiy/repo/tic-tac-toe-ue4/tic_tac_toe/Content/Blueprints/DefaultGameMode.uasset" 204
"C:/Users/Artemiy/repo/tic-tac-toe-ue4/tic_tac_toe/Content/Assets/Textures/DisclamerTexture.uasset" 205
"C:/Users/Artemiy/repo/tic-tac-toe-ue4/tic_tac_toe/Content/Assets/Materials/DisclamerMaterial.uasset" 206
"C:/Users/Artemiy/repo/tic-tac-toe-ue4/tic_tac_toe/Content/Blueprints/DisclamerScreen.uasset" 207
"C:/Users/Artemiy/repo/tic-tac-toe-ue4/tic_tac_toe/Content/Blueprints/GameStateScreen.uasset" 208
"C:/Users/Artemiy/repo/tic-tac-toe-ue4/tic_tac_toe/Content/Assets/Textures/RefreshButtonTexture.uasset" 209
"C:/Users/Artemiy/repo/tic-tac-toe-ue4/tic_tac_toe/Content/Assets/Materials/RefreshButtonMaterial.uasset" 210
"C:/Users/Artemiy/repo/tic-tac-toe-ue4/tic_tac_toe/Content/Blueprints/RefreshButton.uasset" 211
"C:/Users/Artemiy/repo/tic-tac-toe-ue4/tic_tac_toe/Content/NewMap_BuiltData.uasset" 212
"../../Plugins/Enterprise/DatasmithContent/Content/Blueprints/FBXImporter/ArrayOfActor.uasset" 213
"../../../Engine/Content/MapTemplates/SM_Template_Map_Floor.uasset" 214
"C:/Users/Artemiy/repo/tic-tac-toe-ue4/tic_tac_toe/Content/NewMap.umap" 215
"../../../Engine/Content/Maps/Entry_BuiltData.uasset" 216
"../../../Engine/Content/Maps/Entry.umap" 217
